{
  "RSpec": {
    "coverage": {
      "/Users/iina/CodeProjects/FAFStats/lib/omniauth/faf_oauth.rb": [
        1,
        null,
        1,
        1,
        1,
        1,
        null,
        1,
        null,
        null,
        null,
        null,
        1,
        0,
        null,
        null,
        1,
        0,
        0,
        0,
        0,
        null,
        null,
        null,
        null,
        null,
        null,
        null,
        null,
        null,
        null,
        null,
        null,
        null,
        null,
        null,
        null,
        null,
        null,
        null,
        null,
        null,
        null,
        null,
        null
      ],
      "/Users/iina/CodeProjects/FAFStats/app/jobs/ratings_getter.rb": [
        1,
        null,
        1,
        null,
        1,
        0,
        0,
        null,
        0,
        0,
        0,
        0,
        null,
        null,
        null
      ],
      "/Users/iina/CodeProjects/FAFStats/app/models/game.rb": [
        1,
        1,
        1,
        null,
        null,
        null,
        null,
        null,
        null,
        null,
        null,
        1,
        2,
        1,
        null,
        2,
        2,
        null,
        null,
        null,
        1,
        3,
        2,
        null,
        null,
        null
      ],
      "/Users/iina/CodeProjects/FAFStats/app/models/star_rating.rb": [
        1,
        1,
        1,
        null
      ],
      "/Users/iina/CodeProjects/FAFStats/app/helpers/application_helper.rb": [
        1,
        null
      ],
      "/Users/iina/CodeProjects/FAFStats/app/helpers/comments_helper.rb": [
        1,
        null
      ],
      "/Users/iina/CodeProjects/FAFStats/app/helpers/games_helper.rb": [
        1,
        null
      ],
      "/Users/iina/CodeProjects/FAFStats/app/helpers/ratings_helper.rb": [
        1,
        null
      ],
      "/Users/iina/CodeProjects/FAFStats/app/helpers/star_ratings_helper.rb": [
        1,
        null
      ],
      "/Users/iina/CodeProjects/FAFStats/app/helpers/taggeds_helper.rb": [
        1,
        null
      ],
      "/Users/iina/CodeProjects/FAFStats/app/helpers/tags_helper.rb": [
        1,
        null
      ],
      "/Users/iina/CodeProjects/FAFStats/app/helpers/users_helper.rb": [
        1,
        null
      ],
      "/Users/iina/CodeProjects/FAFStats/app/controllers/users_controller.rb": [
        1,
        1,
        null,
        null,
        null,
        1,
        2,
        null,
        2,
        1,
        null,
        1,
        null,
        null,
        null,
        null,
        1,
        null,
        null,
        null,
        null,
        null,
        null,
        null,
        1,
        2,
        1,
        null,
        1,
        1,
        null,
        1,
        1,
        null,
        0,
        null,
        null,
        null,
        null,
        null,
        null,
        null,
        null,
        1,
        0,
        0,
        null,
        0,
        0,
        null,
        0,
        null,
        null,
        null,
        null,
        1,
        null,
        1,
        2,
        null,
        null,
        null,
        1,
        3,
        null,
        null
      ],
      "/Users/iina/CodeProjects/FAFStats/app/controllers/application_controller.rb": [
        1,
        null,
        null,
        1,
        null,
        1,
        null,
        null,
        1,
        0,
        0,
        null,
        null,
        null,
        null,
        null,
        null,
        null,
        1,
        0,
        0,
        0,
        0,
        0,
        0,
        0,
        0,
        null,
        null,
        null,
        null,
        null,
        1,
        0,
        0,
        null,
        null,
        null,
        null,
        null,
        1,
        0,
        0,
        null,
        null,
        null,
        null,
        null,
        1,
        0,
        0,
        null,
        null,
        null,
        1,
        0,
        0,
        null,
        null,
        null,
        1,
        0,
        null,
        null,
        null
      ],
      "/Users/iina/CodeProjects/FAFStats/app/models/comment.rb": [
        1,
        1,
        1,
        null
      ],
      "/Users/iina/CodeProjects/FAFStats/app/models/user.rb": [
        1,
        1,
        null,
        1,
        1,
        null,
        1,
        2,
        1,
        null,
        null
      ],
      "/Users/iina/CodeProjects/FAFStats/app/uploaders/image_uploader.rb": [
        null,
        1,
        1,
        null,
        1,
        1,
        null,
        1,
        0,
        null,
        null
      ],
      "/Users/iina/CodeProjects/FAFStats/app/models/rating.rb": [
        1,
        null
      ],
      "/Users/iina/CodeProjects/FAFStats/app/models/tag.rb": [
        1,
        1,
        null,
        null
      ],
      "/Users/iina/CodeProjects/FAFStats/app/models/tagged.rb": [
        1,
        1,
        null,
        1,
        2,
        2,
        2,
        1,
        null,
        2,
        null,
        null
      ],
      "/Users/iina/CodeProjects/FAFStats/app/controllers/comments_controller.rb": [
        0,
        0,
        0,
        0,
        0,
        0,
        0,
        0,
        0,
        0,
        0,
        0,
        0,
        0,
        0,
        0,
        0,
        0,
        0,
        0,
        0,
        0,
        0,
        0,
        0,
        0,
        0,
        0,
        0,
        0,
        0,
        0,
        0,
        0,
        0,
        0,
        0,
        0,
        0,
        0,
        0,
        0,
        0,
        0,
        0,
        0,
        0,
        0,
        0,
        0,
        0,
        0,
        0,
        0,
        0,
        0,
        0,
        0,
        0,
        0,
        0,
        0,
        0,
        0,
        0,
        0,
        0,
        0,
        0,
        0,
        0,
        0,
        0,
        0,
        0,
        0
      ],
      "/Users/iina/CodeProjects/FAFStats/app/controllers/games_controller.rb": [
        0,
        0,
        0,
        0,
        0,
        0,
        0,
        0,
        0,
        0,
        0,
        0,
        0,
        0,
        0
      ],
      "/Users/iina/CodeProjects/FAFStats/app/controllers/layouts_controller.rb": [
        0,
        0,
        0,
        0,
        0
      ],
      "/Users/iina/CodeProjects/FAFStats/app/controllers/ratings_controller.rb": [
        0,
        0,
        0,
        0,
        0,
        0,
        0,
        0,
        0,
        0
      ],
      "/Users/iina/CodeProjects/FAFStats/app/controllers/sessions_controller.rb": [
        0,
        0,
        0,
        0,
        0,
        0,
        0,
        0,
        0,
        0,
        0,
        0,
        0,
        0,
        0,
        0,
        0,
        0,
        0,
        0,
        0,
        0,
        0,
        0,
        0,
        0,
        0,
        0,
        0,
        0,
        0,
        0,
        0,
        0,
        0,
        0,
        0,
        0,
        0,
        0,
        0,
        0,
        0,
        0,
        0,
        0,
        0,
        0,
        0,
        0,
        0,
        0,
        0,
        0,
        0,
        0,
        0,
        0,
        0,
        0
      ],
      "/Users/iina/CodeProjects/FAFStats/app/controllers/star_ratings_controller.rb": [
        0,
        0,
        0,
        0,
        0,
        0,
        0,
        0,
        0,
        0,
        0,
        0,
        0,
        0,
        0,
        0,
        0,
        0,
        0,
        0,
        0,
        0,
        0,
        0,
        0,
        0,
        0,
        0,
        0,
        0,
        0,
        0,
        0,
        0,
        0,
        0,
        0,
        0,
        0,
        0,
        0,
        0,
        0,
        0,
        0,
        0,
        0,
        0,
        0,
        0,
        0,
        0,
        0,
        0,
        0,
        0
      ],
      "/Users/iina/CodeProjects/FAFStats/app/controllers/taggeds_controller.rb": [
        0,
        0,
        0,
        0,
        0,
        0,
        0,
        0,
        0,
        0,
        0,
        0,
        0,
        0,
        0,
        0,
        0,
        0,
        0,
        0,
        0,
        0,
        0,
        0,
        0,
        0,
        0,
        0,
        0,
        0,
        0,
        0,
        0,
        0,
        0,
        0,
        0,
        0,
        0,
        0,
        0,
        0,
        0,
        0,
        0,
        0,
        0,
        0,
        0,
        0,
        0,
        0
      ],
      "/Users/iina/CodeProjects/FAFStats/app/controllers/tags_controller.rb": [
        0,
        0,
        0,
        0,
        0,
        0,
        0,
        0,
        0,
        0,
        0,
        0,
        0,
        0,
        0,
        0,
        0,
        0,
        0,
        0,
        0,
        0,
        0,
        0,
        0,
        0,
        0,
        0,
        0,
        0,
        0,
        0,
        0,
        0,
        0,
        0,
        0,
        0,
        0,
        0,
        0,
        0,
        0,
        0,
        0,
        0,
        0,
        0,
        0,
        0,
        0,
        0,
        0,
        0,
        0,
        0,
        0,
        0,
        0,
        0
      ]
    },
    "timestamp": 1463333594
  }
}
