{
  "RSpec": {
    "coverage": {
      "/Users/iina/CodeProjects/FAFStats/app/models/rating.rb": [
        1,
        null
      ],
      "/Users/iina/CodeProjects/FAFStats/spec/models/user_spec.rb": [
        1,
        null,
        1,
        1,
        1,
        null,
        1,
        null,
        null,
        1,
        1,
        null,
        1,
        null,
        null,
        null
      ],
      "/Users/iina/CodeProjects/FAFStats/app/models/user.rb": [
        1,
        1,
        1,
        null
      ],
      "/Users/iina/CodeProjects/FAFStats/app/uploaders/image_uploader.rb": [
        null,
        null,
        1,
        null,
        null,
        1,
        null,
        null,
        null,
        null,
        1,
        0,
        null,
        null,
        null,
        null,
        null,
        null,
        null,
        null,
        null,
        null,
        null,
        null,
        null,
        null,
        null,
        null,
        null,
        null,
        null,
        null,
        null,
        null,
        null,
        null,
        null,
        null,
        null,
        null,
        null,
        null,
        null,
        null,
        null,
        null,
        null
      ]
    },
    "timestamp": 1462635723
  }
}
